Arguments: 
  C:\Users\ao_so\Desktop\projects\nodejs\nodejsserver\node_modules\node\bin\node.exe C:\Program Files (x86)\Yarn\bin\yarn.js

PATH: 
  C:\Users\ao_so\Desktop\projects\nodejs\nodejsserver\node_modules\.bin;C:\ProgramData\DockerDesktop\version-bin;C:\Program Files\Docker\Docker\Resources\bin;C:\Windows\system32;C:\Windows;C:\Windows\System32\Wbem;C:\Windows\System32\WindowsPowerShell\v1.0\;C:\Windows\System32\OpenSSH\;C:\Program Files\Git\cmd;C:\Program Files (x86)\Yarn\bin\;C:\Program Files\dotnet\;C:\Program Files\Microsoft SQL Server\130\Tools\Binn\;C:\Program Files\nodejs\;C:\Users\ao_so\.windows-build-tools\python27\;C:\Program Files\nodejs\node_modules\npm\node_modules\npm-lifecycle\node-gyp-bin;C:\Users\ao_so\AppData\Roaming\npm\node_modules\windows-build-tools\node_modules\.bin;C:\Users\ao_so\AppData\Roaming\npm\node_modules\.bin;C:\ProgramData\DockerDesktop\version-bin;C:\Program Files\Docker\Docker\Resources\bin;C:\Windows\system32;C:\Windows;C:\Windows\System32\Wbem;C:\Windows\System32\WindowsPowerShell\v1.0\;C:\Windows\System32\OpenSSH\;C:\Program Files\nodejs\;C:\Program Files\Git\cmd;C:\Program Files (x86)\Yarn\bin\;C:\Program Files\dotnet\;C:\Program Files\Microsoft SQL Server\130\Tools\Binn\;C:\Users\ao_so\AppData\Local\Microsoft\WindowsApps;C:\Users\ao_so\AppData\Local\Programs\Microsoft VS Code\bin;C:\Users\ao_so\AppData\Local\Yarn\bin;C:\Users\ao_so\AppData\Roaming\npm

Yarn version: 
  1.12.3

Node version: 
  8.15.0

Platform: 
  win32 x64

Trace: 
  Error: EPERM: operation not permitted, unlink 'C:\Users\ao_so\Desktop\projects\nodejs\nodejsserver\node_modules\node\bin\node.exe'

npm manifest: 
  {
    "name": "nodejsserver",
    "version": "1.0.0",
    "main": "server.js",
    "dependencies": {
      "node": "^8.15.0",
      "node-inspect": "^1.11.5",
      "python": "0.0.4"
    },
    "devDependencies": {},
    "scripts": {
      "start": "supervisor node server.js"
    },
    "author": "",
    "license": "ISC",
    "description": ""
  }

yarn manifest: 
  No manifest

Lockfile: 
  # THIS IS AN AUTOGENERATED FILE. DO NOT EDIT THIS FILE DIRECTLY.
  # yarn lockfile v1
